<?xml version="1.0" encoding="UTF-8"?>
<!-- Generated by org.testng.reporters.JUnitXMLReporter -->
<testsuite hostname="DESKTOP-08I2GPS" ignored="0" name="Default test" tests="9" failures="0" timestamp="2019-12-16T15:35:26 IST" time="185.248" errors="0">
  <testcase name="beforelogin" time="13.711" classname="com.yaswanth.ecms.testcase.usermangementpageTest"/>
  <testcase name="validateLogin" time="6.917" classname="com.yaswanth.ecms.testcase.usermangementpageTest"/>
  <testcase name="usermanagementpageTest" time="60.283" classname="com.yaswanth.ecms.testcase.usermangementpageTest"/>
  <testcase name="searchFieldTest" time="60.584" classname="com.yaswanth.ecms.testcase.usermangementpageTest"/>
  <testcase name="downlodeTest" time="6.38" classname="com.yaswanth.ecms.testcase.usermangementpageTest"/>
  <testcase name="activeTest" time="19.188" classname="com.yaswanth.ecms.testcase.usermangementpageTest"/>
  <testcase name="updateTest" time="12.826" classname="com.yaswanth.ecms.testcase.usermangementpageTest"/>
  <testcase name="pageTest" time="2.303" classname="com.yaswanth.ecms.testcase.usermangementpageTest"/>
  <testcase name="Createuser" time="2.981" classname="com.yaswanth.ecms.testcase.usermangementpageTest"/>
</testsuite> <!-- Default test -->
