<?xml version="1.0" encoding="UTF-8"?>
<!-- Generated by org.testng.reporters.JUnitReportReporter -->
<testsuite skipped="1" hostname="DESKTOP-08I2GPS" name="com.yaswanth.ecms.testcase.Logintest" tests="2" failures="0" timestamp="2019-12-05T22:04:19 IST" time="15.936" errors="1">
  <testcase name="validateLogin" time="0.000" classname="com.yaswanth.ecms.testcase.Logintest">
    <skipped/>
  </testcase> <!-- validateLogin -->
  <testcase name="browserpage" time="15.936" classname="com.yaswanth.ecms.testcase.Logintest">
    <error type="org.openqa.selenium.SessionNotCreatedException" message="session not created
from chrome not reachable
  (Session info: chrome=78.0.3904.108)
Build info: version: &#039;3.141.59&#039;, revision: &#039;e82be7d358&#039;, time: &#039;2018-11-14T08:25:48&#039;
System info: host: &#039;DESKTOP-08I2GPS&#039;, ip: &#039;192.168.173.1&#039;, os.name: &#039;Windows 10&#039;, os.arch: &#039;amd64&#039;, os.version: &#039;10.0&#039;, java.version: &#039;1.8.0_231&#039;
Driver info: driver.version: ChromeDriver
remote stacktrace: Backtrace:
	Ordinal0 [0x00A9A923+1550627]
	Ordinal0 [0x00A1A731+1025841]
	Ordinal0 [0x0099C5BE+509374]
	Ordinal0 [0x009962F2+484082]
	Ordinal0 [0x009969CB+485835]
	Ordinal0 [0x00997B35+490293]
	Ordinal0 [0x00993AB5+473781]
	Ordinal0 [0x0099D360+512864]
	Ordinal0 [0x0094B649+177737]
	Ordinal0 [0x0094A8ED+174317]
	Ordinal0 [0x00948CDB+167131]
	Ordinal0 [0x0093144A+70730]
	Ordinal0 [0x009324D0+74960]
	Ordinal0 [0x00932469+74857]
	Ordinal0 [0x00A342F7+1131255]
	GetHandleVerifier [0x00B3711D+523789]
	GetHandleVerifier [0x00B36EB0+523168]
	GetHandleVerifier [0x00B3E207+552695]
	GetHandleVerifier [0x00B3791A+525834]
	Ordinal0 [0x00A2B82C+1095724]
	Ordinal0 [0x00A3636B+1139563]
	Ordinal0 [0x00A364D3+1139923]
	Ordinal0 [0x00A35455+1135701]
	BaseThreadInitThunk [0x774B6359+25]
	RtlGetAppContainerNamedObjectPath [0x77E77B74+228]
	RtlGetAppContainerNamedObjectPath [0x77E77B44+180]
">
      <![CDATA[org.openqa.selenium.SessionNotCreatedException: session not created
from chrome not reachable
  (Session info: chrome=78.0.3904.108)
Build info: version: '3.141.59', revision: 'e82be7d358', time: '2018-11-14T08:25:48'
System info: host: 'DESKTOP-08I2GPS', ip: '192.168.173.1', os.name: 'Windows 10', os.arch: 'amd64', os.version: '10.0', java.version: '1.8.0_231'
Driver info: driver.version: ChromeDriver
remote stacktrace: Backtrace:
Ordinal0 [0x00A9A923+1550627]
Ordinal0 [0x00A1A731+1025841]
Ordinal0 [0x0099C5BE+509374]
Ordinal0 [0x009962F2+484082]
Ordinal0 [0x009969CB+485835]
Ordinal0 [0x00997B35+490293]
Ordinal0 [0x00993AB5+473781]
Ordinal0 [0x0099D360+512864]
Ordinal0 [0x0094B649+177737]
Ordinal0 [0x0094A8ED+174317]
Ordinal0 [0x00948CDB+167131]
Ordinal0 [0x0093144A+70730]
Ordinal0 [0x009324D0+74960]
Ordinal0 [0x00932469+74857]
Ordinal0 [0x00A342F7+1131255]
GetHandleVerifier [0x00B3711D+523789]
GetHandleVerifier [0x00B36EB0+523168]
GetHandleVerifier [0x00B3E207+552695]
GetHandleVerifier [0x00B3791A+525834]
Ordinal0 [0x00A2B82C+1095724]
Ordinal0 [0x00A3636B+1139563]
Ordinal0 [0x00A364D3+1139923]
Ordinal0 [0x00A35455+1135701]
BaseThreadInitThunk [0x774B6359+25]
RtlGetAppContainerNamedObjectPath [0x77E77B74+228]
RtlGetAppContainerNamedObjectPath [0x77E77B44+180]

at sun.reflect.NativeConstructorAccessorImpl.newInstance0(Native Method)
at sun.reflect.NativeConstructorAccessorImpl.newInstance(NativeConstructorAccessorImpl.java:62)
at sun.reflect.DelegatingConstructorAccessorImpl.newInstance(DelegatingConstructorAccessorImpl.java:45)
at java.lang.reflect.Constructor.newInstance(Constructor.java:423)
at org.openqa.selenium.remote.W3CHandshakeResponse.lambda$errorHandler$0(W3CHandshakeResponse.java:62)
at org.openqa.selenium.remote.HandshakeResponse.lambda$getResponseFunction$0(HandshakeResponse.java:30)
at org.openqa.selenium.remote.ProtocolHandshake.lambda$createSession$0(ProtocolHandshake.java:126)
at java.util.stream.ReferencePipeline$3$1.accept(ReferencePipeline.java:193)
at java.util.Spliterators$ArraySpliterator.tryAdvance(Spliterators.java:958)
at java.util.stream.ReferencePipeline.forEachWithCancel(ReferencePipeline.java:126)
at java.util.stream.AbstractPipeline.copyIntoWithCancel(AbstractPipeline.java:499)
at java.util.stream.AbstractPipeline.copyInto(AbstractPipeline.java:486)
at java.util.stream.AbstractPipeline.wrapAndCopyInto(AbstractPipeline.java:472)
at java.util.stream.FindOps$FindOp.evaluateSequential(FindOps.java:152)
at java.util.stream.AbstractPipeline.evaluate(AbstractPipeline.java:234)
at java.util.stream.ReferencePipeline.findFirst(ReferencePipeline.java:464)
at org.openqa.selenium.remote.ProtocolHandshake.createSession(ProtocolHandshake.java:128)
at org.openqa.selenium.remote.ProtocolHandshake.createSession(ProtocolHandshake.java:74)
at org.openqa.selenium.remote.HttpCommandExecutor.execute(HttpCommandExecutor.java:136)
at org.openqa.selenium.remote.service.DriverCommandExecutor.execute(DriverCommandExecutor.java:83)
at org.openqa.selenium.remote.RemoteWebDriver.execute(RemoteWebDriver.java:552)
at org.openqa.selenium.remote.RemoteWebDriver.startSession(RemoteWebDriver.java:213)
at org.openqa.selenium.remote.RemoteWebDriver.<init>(RemoteWebDriver.java:131)
at org.openqa.selenium.chrome.ChromeDriver.<init>(ChromeDriver.java:181)
at org.openqa.selenium.chrome.ChromeDriver.<init>(ChromeDriver.java:168)
at org.openqa.selenium.chrome.ChromeDriver.<init>(ChromeDriver.java:123)
at com.yaswanth.ecms.configuration.Browser.connectBrowsers(Browser.java:27)
at com.yaswanth.ecms.testcase.Init.browserpage(Init.java:26)
at sun.reflect.NativeMethodAccessorImpl.invoke0(Native Method)
at sun.reflect.NativeMethodAccessorImpl.invoke(NativeMethodAccessorImpl.java:62)
at sun.reflect.DelegatingMethodAccessorImpl.invoke(DelegatingMethodAccessorImpl.java:43)
at java.lang.reflect.Method.invoke(Method.java:498)
at org.testng.internal.MethodInvocationHelper.invokeMethod(MethodInvocationHelper.java:133)
at org.testng.internal.TestInvoker.invokeMethod(TestInvoker.java:584)
at org.testng.internal.TestInvoker.invokeTestMethod(TestInvoker.java:172)
at org.testng.internal.MethodRunner.runInSequence(MethodRunner.java:46)
at org.testng.internal.TestInvoker$MethodInvocationAgent.invoke(TestInvoker.java:804)
at org.testng.internal.TestInvoker.invokeTestMethods(TestInvoker.java:145)
at org.testng.internal.TestMethodWorker.invokeTestMethods(TestMethodWorker.java:146)
at org.testng.internal.TestMethodWorker.run(TestMethodWorker.java:128)
at java.util.ArrayList.forEach(ArrayList.java:1257)
at org.testng.TestRunner.privateRun(TestRunner.java:770)
at org.testng.TestRunner.run(TestRunner.java:591)
at org.testng.SuiteRunner.runTest(SuiteRunner.java:402)
at org.testng.SuiteRunner.runSequentially(SuiteRunner.java:396)
at org.testng.SuiteRunner.privateRun(SuiteRunner.java:355)
at org.testng.SuiteRunner.run(SuiteRunner.java:304)
at org.testng.SuiteRunnerWorker.runSuite(SuiteRunnerWorker.java:53)
at org.testng.SuiteRunnerWorker.run(SuiteRunnerWorker.java:96)
at org.testng.TestNG.runSuitesSequentially(TestNG.java:1180)
at org.testng.TestNG.runSuitesLocally(TestNG.java:1102)
at org.testng.TestNG.runSuites(TestNG.java:1032)
at org.testng.TestNG.run(TestNG.java:1000)
at org.testng.remote.AbstractRemoteTestNG.run(AbstractRemoteTestNG.java:115)
at org.testng.remote.RemoteTestNG.initAndRun(RemoteTestNG.java:251)
at org.testng.remote.RemoteTestNG.main(RemoteTestNG.java:77)
]]>
    </error>
  </testcase> <!-- browserpage -->
</testsuite> <!-- com.yaswanth.ecms.testcase.Logintest -->
